<?xml version="1.0" encoding="UTF-8"?>
<!-- Generated by org.testng.reporters.JUnitXMLReporter -->
<testsuite ignored="0" hostname="DESKTOP-60FMTN5" failures="1" tests="1" name="Get Feature" time="19.072" errors="0" timestamp="2022-05-16T09:19:25 IST">
  <testcase classname="Udemy.E2Eproject.Title" name="getFeature" time="0.023">
    <failure type="java.lang.AssertionError" message="expected [FEATURED COURSES] but found [LEATURED COURSES]">
      <![CDATA[java.lang.AssertionError: expected [FEATURED COURSES] but found [LEATURED COURSES]
at Udemy.E2Eproject.Title.getFeature(Title.java:43)
at java.base/java.util.ArrayList.forEach(ArrayList.java:1541)
at java.base/java.util.concurrent.FutureTask.run(FutureTask.java:264)
at java.base/java.util.concurrent.ThreadPoolExecutor.runWorker(ThreadPoolExecutor.java:1128)
at java.base/java.util.concurrent.ThreadPoolExecutor$Worker.run(ThreadPoolExecutor.java:628)
at java.base/java.lang.Thread.run(Thread.java:834)
... Removed 24 stack frames]]>
    </failure>
  </testcase> <!-- getFeature -->
</testsuite> <!-- Get Feature -->
