<?xml version="1.0" encoding="UTF-8"?>
<!-- Generated by org.testng.reporters.JUnitXMLReporter -->
<testsuite ignored="0" hostname="DESKTOP-60FMTN5" failures="1" tests="3" name="Test" time="70.505" errors="0" timestamp="2022-05-16T08:45:05 IST">
  <testcase classname="Udemy.E2Eproject.Homepage" name="basePageNavigation" time="33.477"/>
  <testcase classname="Udemy.E2Eproject.Homepage" name="basePageNavigation" time="16.658"/>
  <testcase classname="Udemy.E2Eproject.Title" name="getFeature" time="0.02">
    <failure type="java.lang.AssertionError" message="expected [FEATURED COURSES] but found [LEATURED COURSES]">
      <![CDATA[java.lang.AssertionError: expected [FEATURED COURSES] but found [LEATURED COURSES]
at Udemy.E2Eproject.Title.getFeature(Title.java:43)
at java.base/java.util.ArrayList.forEach(ArrayList.java:1541)
... Removed 33 stack frames]]>
    </failure>
  </testcase> <!-- getFeature -->
</testsuite> <!-- Test -->
