<?xml version="1.0" encoding="UTF-8"?>
<testsuite xmlns:xsi="http://www.w3.org/2001/XMLSchema-instance" xsi:noNamespaceSchemaLocation="https://maven.apache.org/surefire/maven-surefire-plugin/xsd/surefire-test-report-3.0.xsd" version="3.0" name="TestSuite" time="2.188" tests="6" errors="0" skipped="6" failures="0">
  <properties>
[...]
</properties>
  <testcase name="opensite" classname="Udemy.E2Eproject.Title" time="0">
    <skipped/>
    <system-err><![CDATA[Starting ChromeDriver 99.0.4844.51 (d537ec02474b5afe23684e7963d538896c63ac77-refs/branch-heads/4844@{#875}) on port 41813
Only local connections are allowed.
Please see https://chromedriver.chromium.org/security-considerations for suggestions on keeping ChromeDriver safe.
ChromeDriver was started successfully.
]]></system-err>
  </testcase>
  <testcase name="getFeature" classname="Udemy.E2Eproject.Title" time="0">
    <skipped message="session not created: This version of ChromeDriver only supports Chrome version 99&#10;Current browser version is 101.0.4951.54 with binary path C:\Program Files (x86)\Google\Chrome\Application\chrome.exe&#10;Build info: version: &apos;3.141.59&apos;, revision: &apos;e82be7d358&apos;, time: &apos;2018-11-14T08:17:03&apos;&#10;System info: host: &apos;DESKTOP-60FMTN5&apos;, ip: &apos;192.168.1.7&apos;, os.name: &apos;Windows 10&apos;, os.arch: &apos;amd64&apos;, os.version: &apos;10.0&apos;, java.version: &apos;11.0.13&apos;&#10;Driver info: driver.version: ChromeDriver&#10;remote stacktrace: Backtrace:&#10;	Ordinal0 [0x00C89943+2595139]&#10;	Ordinal0 [0x00C1C9F1+2148849]&#10;	Ordinal0 [0x00B14528+1066280]&#10;	Ordinal0 [0x00B342C3+1196739]&#10;	Ordinal0 [0x00B2FE37+1179191]&#10;	Ordinal0 [0x00B2D6F1+1169137]&#10;	Ordinal0 [0x00B60530+1377584]&#10;	Ordinal0 [0x00B6018A+1376650]&#10;	Ordinal0 [0x00B5B806+1357830]&#10;	Ordinal0 [0x00B36086+1204358]&#10;	Ordinal0 [0x00B36F96+1208214]&#10;	GetHandleVerifier [0x00E2B232+1658114]&#10;	GetHandleVerifier [0x00EE312C+2411516]&#10;	GetHandleVerifier [0x00D1F261+560433]&#10;	GetHandleVerifier [0x00D1E366+556598]&#10;	Ordinal0 [0x00C2286B+2173035]&#10;	Ordinal0 [0x00C275F8+2192888]&#10;	Ordinal0 [0x00C276E5+2193125]&#10;	Ordinal0 [0x00C311FC+2232828]&#10;	BaseThreadInitThunk [0x75B9FA29+25]&#10;	RtlGetAppContainerNamedObjectPath [0x772B7A7E+286]&#10;	RtlGetAppContainerNamedObjectPath [0x772B7A4E+238]&#10;"/>
  </testcase>
  <testcase name="closeBrowser" classname="Udemy.E2Eproject.Title" time="0">
    <skipped/>
  </testcase>
  <testcase name="basePageNavigation" classname="Udemy.E2Eproject.Homepage" time="0">
    <skipped message="session not created: This version of ChromeDriver only supports Chrome version 99&#10;Current browser version is 101.0.4951.54 with binary path C:\Program Files (x86)\Google\Chrome\Application\chrome.exe&#10;Build info: version: &apos;3.141.59&apos;, revision: &apos;e82be7d358&apos;, time: &apos;2018-11-14T08:17:03&apos;&#10;System info: host: &apos;DESKTOP-60FMTN5&apos;, ip: &apos;192.168.1.7&apos;, os.name: &apos;Windows 10&apos;, os.arch: &apos;amd64&apos;, os.version: &apos;10.0&apos;, java.version: &apos;11.0.13&apos;&#10;Driver info: driver.version: ChromeDriver&#10;remote stacktrace: Backtrace:&#10;	Ordinal0 [0x00C89943+2595139]&#10;	Ordinal0 [0x00C1C9F1+2148849]&#10;	Ordinal0 [0x00B14528+1066280]&#10;	Ordinal0 [0x00B342C3+1196739]&#10;	Ordinal0 [0x00B2FE37+1179191]&#10;	Ordinal0 [0x00B2D6F1+1169137]&#10;	Ordinal0 [0x00B60530+1377584]&#10;	Ordinal0 [0x00B6018A+1376650]&#10;	Ordinal0 [0x00B5B806+1357830]&#10;	Ordinal0 [0x00B36086+1204358]&#10;	Ordinal0 [0x00B36F96+1208214]&#10;	GetHandleVerifier [0x00E2B232+1658114]&#10;	GetHandleVerifier [0x00EE312C+2411516]&#10;	GetHandleVerifier [0x00D1F261+560433]&#10;	GetHandleVerifier [0x00D1E366+556598]&#10;	Ordinal0 [0x00C2286B+2173035]&#10;	Ordinal0 [0x00C275F8+2192888]&#10;	Ordinal0 [0x00C276E5+2193125]&#10;	Ordinal0 [0x00C311FC+2232828]&#10;	BaseThreadInitThunk [0x75B9FA29+25]&#10;	RtlGetAppContainerNamedObjectPath [0x772B7A7E+286]&#10;	RtlGetAppContainerNamedObjectPath [0x772B7A4E+238]&#10;"/>
  </testcase>
  <testcase name="basePageNavigation" classname="Udemy.E2Eproject.Homepage" time="0">
    <skipped message="session not created: This version of ChromeDriver only supports Chrome version 99&#10;Current browser version is 101.0.4951.54 with binary path C:\Program Files (x86)\Google\Chrome\Application\chrome.exe&#10;Build info: version: &apos;3.141.59&apos;, revision: &apos;e82be7d358&apos;, time: &apos;2018-11-14T08:17:03&apos;&#10;System info: host: &apos;DESKTOP-60FMTN5&apos;, ip: &apos;192.168.1.7&apos;, os.name: &apos;Windows 10&apos;, os.arch: &apos;amd64&apos;, os.version: &apos;10.0&apos;, java.version: &apos;11.0.13&apos;&#10;Driver info: driver.version: ChromeDriver&#10;remote stacktrace: Backtrace:&#10;	Ordinal0 [0x00C89943+2595139]&#10;	Ordinal0 [0x00C1C9F1+2148849]&#10;	Ordinal0 [0x00B14528+1066280]&#10;	Ordinal0 [0x00B342C3+1196739]&#10;	Ordinal0 [0x00B2FE37+1179191]&#10;	Ordinal0 [0x00B2D6F1+1169137]&#10;	Ordinal0 [0x00B60530+1377584]&#10;	Ordinal0 [0x00B6018A+1376650]&#10;	Ordinal0 [0x00B5B806+1357830]&#10;	Ordinal0 [0x00B36086+1204358]&#10;	Ordinal0 [0x00B36F96+1208214]&#10;	GetHandleVerifier [0x00E2B232+1658114]&#10;	GetHandleVerifier [0x00EE312C+2411516]&#10;	GetHandleVerifier [0x00D1F261+560433]&#10;	GetHandleVerifier [0x00D1E366+556598]&#10;	Ordinal0 [0x00C2286B+2173035]&#10;	Ordinal0 [0x00C275F8+2192888]&#10;	Ordinal0 [0x00C276E5+2193125]&#10;	Ordinal0 [0x00C311FC+2232828]&#10;	BaseThreadInitThunk [0x75B9FA29+25]&#10;	RtlGetAppContainerNamedObjectPath [0x772B7A7E+286]&#10;	RtlGetAppContainerNamedObjectPath [0x772B7A4E+238]&#10;"/>
  </testcase>
  <testcase name="closeBrowser" classname="Udemy.E2Eproject.Homepage" time="0">
    <skipped/>
  </testcase>
</testsuite>